2018-08-18 15:34:46.424  INFO 17449 --- [restartedMain] c.e.politicosgo.PoliticosgoApplication   : Starting PoliticosgoApplication on ragnar with PID 17449 (/home/javanlacerda/Downloads/politicosgodir/politicosgoapi/politicosgo/target/classes started by javanlacerda in /home/javanlacerda/Downloads/politicosgodir/politicosgoapi/politicosgo)
2018-08-18 15:34:46.439  INFO 17449 --- [restartedMain] c.e.politicosgo.PoliticosgoApplication   : No active profile set, falling back to default profiles: default
2018-08-18 15:34:46.551  INFO 17449 --- [restartedMain] ConfigServletWebServerApplicationContext : Refreshing org.springframework.boot.web.servlet.context.AnnotationConfigServletWebServerApplicationContext@54bfb739: startup date [Sat Aug 18 15:34:46 BRT 2018]; root of context hierarchy
2018-08-18 15:34:51.499  INFO 17449 --- [restartedMain] o.s.b.w.embedded.tomcat.TomcatWebServer  : Tomcat initialized with port(s): 8080 (http)
2018-08-18 15:34:51.562  INFO 17449 --- [restartedMain] o.apache.catalina.core.StandardService   : Starting service [Tomcat]
2018-08-18 15:34:51.563  INFO 17449 --- [restartedMain] org.apache.catalina.core.StandardEngine  : Starting Servlet Engine: Apache Tomcat/8.5.32
2018-08-18 15:34:51.593  INFO 17449 --- [localhost-startStop-1] o.a.catalina.core.AprLifecycleListener   : The APR based Apache Tomcat Native library which allows optimal performance in production environments was not found on the java.library.path: [/usr/java/packages/lib/amd64:/usr/lib/x86_64-linux-gnu/jni:/lib/x86_64-linux-gnu:/usr/lib/x86_64-linux-gnu:/usr/lib/jni:/lib:/usr/lib]
2018-08-18 15:34:51.806  INFO 17449 --- [localhost-startStop-1] o.a.c.c.C.[Tomcat].[localhost].[/]       : Initializing Spring embedded WebApplicationContext
2018-08-18 15:34:51.809  INFO 17449 --- [localhost-startStop-1] o.s.web.context.ContextLoader            : Root WebApplicationContext: initialization completed in 5259 ms
2018-08-18 15:34:52.000  INFO 17449 --- [localhost-startStop-1] o.s.b.w.servlet.ServletRegistrationBean  : Servlet dispatcherServlet mapped to [/]
2018-08-18 15:34:52.020  INFO 17449 --- [localhost-startStop-1] o.s.b.w.servlet.FilterRegistrationBean   : Mapping filter: 'characterEncodingFilter' to: [/*]
2018-08-18 15:34:52.035  INFO 17449 --- [localhost-startStop-1] o.s.b.w.servlet.FilterRegistrationBean   : Mapping filter: 'hiddenHttpMethodFilter' to: [/*]
2018-08-18 15:34:52.037  INFO 17449 --- [localhost-startStop-1] o.s.b.w.servlet.FilterRegistrationBean   : Mapping filter: 'httpPutFormContentFilter' to: [/*]
2018-08-18 15:34:52.038  INFO 17449 --- [localhost-startStop-1] o.s.b.w.servlet.FilterRegistrationBean   : Mapping filter: 'requestContextFilter' to: [/*]
2018-08-18 15:34:52.731  INFO 17449 --- [restartedMain] org.mongodb.driver.cluster               : Cluster created with settings {hosts=[ds125602.mlab.com:25602], mode=SINGLE, requiredClusterType=UNKNOWN, serverSelectionTimeout='30000 ms', maxWaitQueueSize=500}
2018-08-18 15:34:54.294  INFO 17449 --- [restartedMain] o.s.w.s.handler.SimpleUrlHandlerMapping  : Mapped URL path [/**/favicon.ico] onto handler of type [class org.springframework.web.servlet.resource.ResourceHttpRequestHandler]
2018-08-18 15:34:54.730  INFO 17449 --- [cluster-ClusterId{value='5b7866cc26dad044290ff819', description='null'}-ds125602.mlab.com:25602] org.mongodb.driver.connection            : Opened connection [connectionId{localValue:1, serverValue:7273}] to ds125602.mlab.com:25602
2018-08-18 15:34:54.894  INFO 17449 --- [cluster-ClusterId{value='5b7866cc26dad044290ff819', description='null'}-ds125602.mlab.com:25602] org.mongodb.driver.cluster               : Monitor thread successfully connected to server with description ServerDescription{address=ds125602.mlab.com:25602, type=REPLICA_SET_PRIMARY, state=CONNECTED, ok=true, version=ServerVersion{versionList=[3, 6, 6]}, minWireVersion=0, maxWireVersion=6, maxDocumentSize=16777216, logicalSessionTimeoutMinutes=30, roundTripTimeNanos=161768048, setName='rs-ds125602', canonicalAddress=ds125602-a.mlab.com:25602, hosts=[ds125602-a.mlab.com:25602], passives=[], arbiters=[], primary='ds125602-a.mlab.com:25602', tagSet=TagSet{[]}, electionId=7fffffff0000000000000001, setVersion=1, lastWriteDate=Sat Aug 18 15:34:48 BRT 2018, lastUpdateTimeNanos=7775174930744}
2018-08-18 15:34:55.001  INFO 17449 --- [restartedMain] s.w.s.m.m.a.RequestMappingHandlerAdapter : Looking for @ControllerAdvice: org.springframework.boot.web.servlet.context.AnnotationConfigServletWebServerApplicationContext@54bfb739: startup date [Sat Aug 18 15:34:46 BRT 2018]; root of context hierarchy
2018-08-18 15:34:55.258  INFO 17449 --- [restartedMain] s.w.s.m.m.a.RequestMappingHandlerMapping : Mapped "{[/governadores],methods=[GET]}" onto public java.util.Collection<com.example.politicosgo.entities.Governador> com.example.politicosgo.controllers.GovernadorController.getGovernadores()
2018-08-18 15:34:55.268  INFO 17449 --- [restartedMain] s.w.s.m.m.a.RequestMappingHandlerMapping : Mapped "{[/governadores],methods=[POST]}" onto public org.springframework.http.ResponseEntity<java.lang.String> com.example.politicosgo.controllers.GovernadorController.postGovernador(com.example.politicosgo.entities.Governador)
2018-08-18 15:34:55.273  INFO 17449 --- [restartedMain] s.w.s.m.m.a.RequestMappingHandlerMapping : Mapped "{[/governadores],methods=[PUT]}" onto public org.springframework.http.ResponseEntity<java.lang.String> com.example.politicosgo.controllers.GovernadorController.putGovernador(com.example.politicosgo.entities.Governador)
2018-08-18 15:34:55.277  INFO 17449 --- [restartedMain] s.w.s.m.m.a.RequestMappingHandlerMapping : Mapped "{[/governadores/{cpf}],methods=[DELETE]}" onto public org.springframework.http.ResponseEntity<java.lang.String> com.example.politicosgo.controllers.GovernadorController.deleteGovernadorById(java.lang.Long)
2018-08-18 15:34:55.283  INFO 17449 --- [restartedMain] s.w.s.m.m.a.RequestMappingHandlerMapping : Mapped "{[/obras],methods=[GET]}" onto public java.util.Collection<com.example.politicosgo.entities.Obra> com.example.politicosgo.controllers.ObraController.getObras()
2018-08-18 15:34:55.293  INFO 17449 --- [restartedMain] s.w.s.m.m.a.RequestMappingHandlerMapping : Mapped "{[/obras],methods=[POST]}" onto public org.springframework.http.ResponseEntity<java.lang.String> com.example.politicosgo.controllers.ObraController.postObra(com.example.politicosgo.entities.Obra)
2018-08-18 15:34:55.296  INFO 17449 --- [restartedMain] s.w.s.m.m.a.RequestMappingHandlerMapping : Mapped "{[/obras],methods=[PUT]}" onto public org.springframework.http.ResponseEntity<java.lang.String> com.example.politicosgo.controllers.ObraController.putObra(com.example.politicosgo.entities.Obra)
2018-08-18 15:34:55.300  INFO 17449 --- [restartedMain] s.w.s.m.m.a.RequestMappingHandlerMapping : Mapped "{[/obras/{id}],methods=[DELETE]}" onto public org.springframework.http.ResponseEntity<java.lang.String> com.example.politicosgo.controllers.ObraController.deleteObraById(java.lang.Long)
2018-08-18 15:34:55.310  INFO 17449 --- [restartedMain] s.w.s.m.m.a.RequestMappingHandlerMapping : Mapped "{[/prefeitos],methods=[GET]}" onto public java.util.Collection<com.example.politicosgo.entities.Prefeito> com.example.politicosgo.controllers.PrefeitoController.getPrefeitos()
2018-08-18 15:34:55.313  INFO 17449 --- [restartedMain] s.w.s.m.m.a.RequestMappingHandlerMapping : Mapped "{[/prefeitos],methods=[POST]}" onto public org.springframework.http.ResponseEntity<java.lang.String> com.example.politicosgo.controllers.PrefeitoController.postPrefeito(com.example.politicosgo.entities.Prefeito)
2018-08-18 15:34:55.318  INFO 17449 --- [restartedMain] s.w.s.m.m.a.RequestMappingHandlerMapping : Mapped "{[/prefeitos],methods=[PUT]}" onto public org.springframework.http.ResponseEntity<java.lang.String> com.example.politicosgo.controllers.PrefeitoController.putPrefeito(com.example.politicosgo.entities.Prefeito)
2018-08-18 15:34:55.321  INFO 17449 --- [restartedMain] s.w.s.m.m.a.RequestMappingHandlerMapping : Mapped "{[/prefeitos/{cpf}],methods=[DELETE]}" onto public org.springframework.http.ResponseEntity<java.lang.String> com.example.politicosgo.controllers.PrefeitoController.deletePrefeitoById(java.lang.Long)
2018-08-18 15:34:55.331  INFO 17449 --- [restartedMain] s.w.s.m.m.a.RequestMappingHandlerMapping : Mapped "{[/error],produces=[text/html]}" onto public org.springframework.web.servlet.ModelAndView org.springframework.boot.autoconfigure.web.servlet.error.BasicErrorController.errorHtml(javax.servlet.http.HttpServletRequest,javax.servlet.http.HttpServletResponse)
2018-08-18 15:34:55.336  INFO 17449 --- [restartedMain] s.w.s.m.m.a.RequestMappingHandlerMapping : Mapped "{[/error]}" onto public org.springframework.http.ResponseEntity<java.util.Map<java.lang.String, java.lang.Object>> org.springframework.boot.autoconfigure.web.servlet.error.BasicErrorController.error(javax.servlet.http.HttpServletRequest)
2018-08-18 15:34:55.447  INFO 17449 --- [restartedMain] o.s.w.s.handler.SimpleUrlHandlerMapping  : Mapped URL path [/webjars/**] onto handler of type [class org.springframework.web.servlet.resource.ResourceHttpRequestHandler]
2018-08-18 15:34:55.450  INFO 17449 --- [restartedMain] o.s.w.s.handler.SimpleUrlHandlerMapping  : Mapped URL path [/**] onto handler of type [class org.springframework.web.servlet.resource.ResourceHttpRequestHandler]
2018-08-18 15:34:55.786  INFO 17449 --- [restartedMain] o.s.b.d.a.OptionalLiveReloadServer       : LiveReload server is running on port 35729
2018-08-18 15:34:55.924  INFO 17449 --- [restartedMain] o.s.j.e.a.AnnotationMBeanExporter        : Registering beans for JMX exposure on startup
2018-08-18 15:34:56.160  INFO 17449 --- [restartedMain] o.s.b.w.embedded.tomcat.TomcatWebServer  : Tomcat started on port(s): 8080 (http) with context path ''
2018-08-18 15:34:56.198  INFO 17449 --- [restartedMain] c.e.politicosgo.PoliticosgoApplication   : Started PoliticosgoApplication in 10.552 seconds (JVM running for 11.817)
2018-08-18 15:35:16.513  INFO 17449 --- [http-nio-0.0.0.0-8080-exec-1] o.a.c.c.C.[Tomcat].[localhost].[/]       : Initializing Spring FrameworkServlet 'dispatcherServlet'
2018-08-18 15:35:16.516  INFO 17449 --- [http-nio-0.0.0.0-8080-exec-1] o.s.web.servlet.DispatcherServlet        : FrameworkServlet 'dispatcherServlet': initialization started
2018-08-18 15:35:16.545  INFO 17449 --- [http-nio-0.0.0.0-8080-exec-1] o.s.web.servlet.DispatcherServlet        : FrameworkServlet 'dispatcherServlet': initialization completed in 26 ms
2018-08-18 15:35:17.870  INFO 17449 --- [http-nio-0.0.0.0-8080-exec-1] org.mongodb.driver.connection            : Opened connection [connectionId{localValue:2, serverValue:7274}] to ds125602.mlab.com:25602
2018-08-18 15:39:06.420  INFO 17449 --- [Thread-6] ConfigServletWebServerApplicationContext : Closing org.springframework.boot.web.servlet.context.AnnotationConfigServletWebServerApplicationContext@54bfb739: startup date [Sat Aug 18 15:34:46 BRT 2018]; root of context hierarchy
2018-08-18 15:39:06.424  INFO 17449 --- [Thread-6] o.s.j.e.a.AnnotationMBeanExporter        : Unregistering JMX-exposed beans on shutdown
2018-08-18 15:39:06.588  INFO 17449 --- [Thread-6] org.mongodb.driver.connection            : Closed connection [connectionId{localValue:2, serverValue:7274}] to ds125602.mlab.com:25602 because the pool has been closed.
2018-08-18 15:39:07.110  INFO 17449 --- [restartedMain] c.e.politicosgo.PoliticosgoApplication   : Starting PoliticosgoApplication on ragnar with PID 17449 (/home/javanlacerda/Downloads/politicosgodir/politicosgoapi/politicosgo/target/classes started by javanlacerda in /home/javanlacerda/Downloads/politicosgodir/politicosgoapi/politicosgo)
2018-08-18 15:39:07.111  INFO 17449 --- [restartedMain] c.e.politicosgo.PoliticosgoApplication   : No active profile set, falling back to default profiles: default
2018-08-18 15:39:07.125  INFO 17449 --- [restartedMain] ConfigServletWebServerApplicationContext : Refreshing org.springframework.boot.web.servlet.context.AnnotationConfigServletWebServerApplicationContext@69c56be8: startup date [Sat Aug 18 15:39:07 BRT 2018]; root of context hierarchy
2018-08-18 15:39:08.160  INFO 17449 --- [restartedMain] o.s.b.w.embedded.tomcat.TomcatWebServer  : Tomcat initialized with port(s): 8080 (http)
2018-08-18 15:39:08.166  INFO 17449 --- [restartedMain] o.apache.catalina.core.StandardService   : Starting service [Tomcat]
2018-08-18 15:39:08.170  INFO 17449 --- [restartedMain] org.apache.catalina.core.StandardEngine  : Starting Servlet Engine: Apache Tomcat/8.5.32
2018-08-18 15:39:08.191  INFO 17449 --- [localhost-startStop-1] o.a.c.c.C.[Tomcat].[localhost].[/]       : Initializing Spring embedded WebApplicationContext
2018-08-18 15:39:08.212  INFO 17449 --- [localhost-startStop-1] o.s.web.context.ContextLoader            : Root WebApplicationContext: initialization completed in 1087 ms
2018-08-18 15:39:08.265  INFO 17449 --- [localhost-startStop-1] o.s.b.w.servlet.ServletRegistrationBean  : Servlet dispatcherServlet mapped to [/]
2018-08-18 15:39:08.270  INFO 17449 --- [localhost-startStop-1] o.s.b.w.servlet.FilterRegistrationBean   : Mapping filter: 'characterEncodingFilter' to: [/*]
2018-08-18 15:39:08.295  INFO 17449 --- [localhost-startStop-1] o.s.b.w.servlet.FilterRegistrationBean   : Mapping filter: 'hiddenHttpMethodFilter' to: [/*]
2018-08-18 15:39:08.295  INFO 17449 --- [localhost-startStop-1] o.s.b.w.servlet.FilterRegistrationBean   : Mapping filter: 'httpPutFormContentFilter' to: [/*]
2018-08-18 15:39:08.296  INFO 17449 --- [localhost-startStop-1] o.s.b.w.servlet.FilterRegistrationBean   : Mapping filter: 'requestContextFilter' to: [/*]
2018-08-18 15:39:08.432  INFO 17449 --- [restartedMain] org.mongodb.driver.cluster               : Cluster created with settings {hosts=[ds125602.mlab.com:25602], mode=SINGLE, requiredClusterType=UNKNOWN, serverSelectionTimeout='30000 ms', maxWaitQueueSize=500}
2018-08-18 15:39:08.972  INFO 17449 --- [restartedMain] o.s.w.s.handler.SimpleUrlHandlerMapping  : Mapped URL path [/**/favicon.ico] onto handler of type [class org.springframework.web.servlet.resource.ResourceHttpRequestHandler]
2018-08-18 15:39:09.109  INFO 17449 --- [restartedMain] s.w.s.m.m.a.RequestMappingHandlerAdapter : Looking for @ControllerAdvice: org.springframework.boot.web.servlet.context.AnnotationConfigServletWebServerApplicationContext@69c56be8: startup date [Sat Aug 18 15:39:07 BRT 2018]; root of context hierarchy
2018-08-18 15:39:09.131  INFO 17449 --- [restartedMain] s.w.s.m.m.a.RequestMappingHandlerMapping : Mapped "{[/governadores],methods=[GET]}" onto public java.util.Collection<com.example.politicosgo.entities.Governador> com.example.politicosgo.controllers.GovernadorController.getGovernadores()
2018-08-18 15:39:09.136  INFO 17449 --- [restartedMain] s.w.s.m.m.a.RequestMappingHandlerMapping : Mapped "{[/governadores],methods=[POST]}" onto public org.springframework.http.ResponseEntity<java.lang.String> com.example.politicosgo.controllers.GovernadorController.postGovernador(com.example.politicosgo.entities.Governador)
2018-08-18 15:39:09.141  INFO 17449 --- [restartedMain] s.w.s.m.m.a.RequestMappingHandlerMapping : Mapped "{[/governadores],methods=[PUT]}" onto public org.springframework.http.ResponseEntity<java.lang.String> com.example.politicosgo.controllers.GovernadorController.putGovernador(com.example.politicosgo.entities.Governador)
2018-08-18 15:39:09.145  INFO 17449 --- [restartedMain] s.w.s.m.m.a.RequestMappingHandlerMapping : Mapped "{[/governadores/{cpf}],methods=[DELETE]}" onto public org.springframework.http.ResponseEntity<java.lang.String> com.example.politicosgo.controllers.GovernadorController.deleteGovernadorById(java.lang.Long)
2018-08-18 15:39:09.154  INFO 17449 --- [restartedMain] s.w.s.m.m.a.RequestMappingHandlerMapping : Mapped "{[/obras],methods=[GET]}" onto public java.util.Collection<com.example.politicosgo.entities.Obra> com.example.politicosgo.controllers.ObraController.getObras()
2018-08-18 15:39:09.159  INFO 17449 --- [restartedMain] s.w.s.m.m.a.RequestMappingHandlerMapping : Mapped "{[/obras],methods=[POST]}" onto public org.springframework.http.ResponseEntity<java.lang.String> com.example.politicosgo.controllers.ObraController.postObra(com.example.politicosgo.entities.Obra)
2018-08-18 15:39:09.164  INFO 17449 --- [restartedMain] s.w.s.m.m.a.RequestMappingHandlerMapping : Mapped "{[/obras],methods=[PUT]}" onto public org.springframework.http.ResponseEntity<java.lang.String> com.example.politicosgo.controllers.ObraController.putObra(com.example.politicosgo.entities.Obra)
2018-08-18 15:39:09.171  INFO 17449 --- [restartedMain] s.w.s.m.m.a.RequestMappingHandlerMapping : Mapped "{[/obras/{id}],methods=[DELETE]}" onto public org.springframework.http.ResponseEntity<java.lang.String> com.example.politicosgo.controllers.ObraController.deleteObraById(java.lang.Long)
2018-08-18 15:39:09.185  INFO 17449 --- [restartedMain] s.w.s.m.m.a.RequestMappingHandlerMapping : Mapped "{[/prefeitos],methods=[GET]}" onto public java.util.Collection<com.example.politicosgo.entities.Prefeito> com.example.politicosgo.controllers.PrefeitoController.getPrefeitos()
2018-08-18 15:39:09.189  INFO 17449 --- [restartedMain] s.w.s.m.m.a.RequestMappingHandlerMapping : Mapped "{[/prefeitos],methods=[POST]}" onto public org.springframework.http.ResponseEntity<java.lang.String> com.example.politicosgo.controllers.PrefeitoController.postPrefeito(com.example.politicosgo.entities.Prefeito)
2018-08-18 15:39:09.192  INFO 17449 --- [restartedMain] s.w.s.m.m.a.RequestMappingHandlerMapping : Mapped "{[/prefeitos],methods=[PUT]}" onto public org.springframework.http.ResponseEntity<java.lang.String> com.example.politicosgo.controllers.PrefeitoController.putPrefeito(com.example.politicosgo.entities.Prefeito)
2018-08-18 15:39:09.198  INFO 17449 --- [restartedMain] s.w.s.m.m.a.RequestMappingHandlerMapping : Mapped "{[/prefeitos/{cpf}],methods=[DELETE]}" onto public org.springframework.http.ResponseEntity<java.lang.String> com.example.politicosgo.controllers.PrefeitoController.deletePrefeitoById(java.lang.Long)
2018-08-18 15:39:09.206  INFO 17449 --- [restartedMain] s.w.s.m.m.a.RequestMappingHandlerMapping : Mapped "{[/error],produces=[text/html]}" onto public org.springframework.web.servlet.ModelAndView org.springframework.boot.autoconfigure.web.servlet.error.BasicErrorController.errorHtml(javax.servlet.http.HttpServletRequest,javax.servlet.http.HttpServletResponse)
2018-08-18 15:39:09.209  INFO 17449 --- [restartedMain] s.w.s.m.m.a.RequestMappingHandlerMapping : Mapped "{[/error]}" onto public org.springframework.http.ResponseEntity<java.util.Map<java.lang.String, java.lang.Object>> org.springframework.boot.autoconfigure.web.servlet.error.BasicErrorController.error(javax.servlet.http.HttpServletRequest)
2018-08-18 15:39:09.241  INFO 17449 --- [restartedMain] o.s.w.s.handler.SimpleUrlHandlerMapping  : Mapped URL path [/webjars/**] onto handler of type [class org.springframework.web.servlet.resource.ResourceHttpRequestHandler]
2018-08-18 15:39:09.241  INFO 17449 --- [restartedMain] o.s.w.s.handler.SimpleUrlHandlerMapping  : Mapped URL path [/**] onto handler of type [class org.springframework.web.servlet.resource.ResourceHttpRequestHandler]
2018-08-18 15:39:09.354  INFO 17449 --- [restartedMain] o.s.b.d.a.OptionalLiveReloadServer       : LiveReload server is running on port 35729
2018-08-18 15:39:09.397  INFO 17449 --- [restartedMain] o.s.j.e.a.AnnotationMBeanExporter        : Registering beans for JMX exposure on startup
2018-08-18 15:39:09.590  INFO 17449 --- [restartedMain] o.s.b.w.embedded.tomcat.TomcatWebServer  : Tomcat started on port(s): 8080 (http) with context path ''
2018-08-18 15:39:09.592  INFO 17449 --- [restartedMain] c.e.politicosgo.PoliticosgoApplication   : Started PoliticosgoApplication in 2.592 seconds (JVM running for 265.221)
2018-08-18 15:39:09.612  INFO 17449 --- [restartedMain] .ConditionEvaluationDeltaLoggingListener : Condition evaluation unchanged
2018-08-18 15:39:09.759  INFO 17449 --- [cluster-ClusterId{value='5b7867cc26dad044290ff81a', description='null'}-ds125602.mlab.com:25602] org.mongodb.driver.connection            : Opened connection [connectionId{localValue:3, serverValue:7286}] to ds125602.mlab.com:25602
2018-08-18 15:39:09.919  INFO 17449 --- [cluster-ClusterId{value='5b7867cc26dad044290ff81a', description='null'}-ds125602.mlab.com:25602] org.mongodb.driver.cluster               : Monitor thread successfully connected to server with description ServerDescription{address=ds125602.mlab.com:25602, type=REPLICA_SET_PRIMARY, state=CONNECTED, ok=true, version=ServerVersion{versionList=[3, 6, 6]}, minWireVersion=0, maxWireVersion=6, maxDocumentSize=16777216, logicalSessionTimeoutMinutes=30, roundTripTimeNanos=156809734, setName='rs-ds125602', canonicalAddress=ds125602-a.mlab.com:25602, hosts=[ds125602-a.mlab.com:25602], passives=[], arbiters=[], primary='ds125602-a.mlab.com:25602', tagSet=TagSet{[]}, electionId=7fffffff0000000000000001, setVersion=1, lastWriteDate=Sat Aug 18 15:39:08 BRT 2018, lastUpdateTimeNanos=8030200612286}
2018-08-18 15:39:17.779  INFO 17449 --- [Thread-10] ConfigServletWebServerApplicationContext : Closing org.springframework.boot.web.servlet.context.AnnotationConfigServletWebServerApplicationContext@69c56be8: startup date [Sat Aug 18 15:39:07 BRT 2018]; root of context hierarchy
2018-08-18 15:39:17.788  INFO 17449 --- [Thread-10] o.s.j.e.a.AnnotationMBeanExporter        : Unregistering JMX-exposed beans on shutdown
2018-08-18 15:39:18.364  INFO 17449 --- [restartedMain] c.e.politicosgo.PoliticosgoApplication   : Starting PoliticosgoApplication on ragnar with PID 17449 (/home/javanlacerda/Downloads/politicosgodir/politicosgoapi/politicosgo/target/classes started by javanlacerda in /home/javanlacerda/Downloads/politicosgodir/politicosgoapi/politicosgo)
2018-08-18 15:39:18.369  INFO 17449 --- [restartedMain] c.e.politicosgo.PoliticosgoApplication   : No active profile set, falling back to default profiles: default
2018-08-18 15:39:18.377  INFO 17449 --- [restartedMain] ConfigServletWebServerApplicationContext : Refreshing org.springframework.boot.web.servlet.context.AnnotationConfigServletWebServerApplicationContext@69cc92e6: startup date [Sat Aug 18 15:39:18 BRT 2018]; root of context hierarchy
2018-08-18 15:39:19.085  INFO 17449 --- [restartedMain] o.s.b.w.embedded.tomcat.TomcatWebServer  : Tomcat initialized with port(s): 8080 (http)
2018-08-18 15:39:19.093  INFO 17449 --- [restartedMain] o.apache.catalina.core.StandardService   : Starting service [Tomcat]
2018-08-18 15:39:19.106  INFO 17449 --- [restartedMain] org.apache.catalina.core.StandardEngine  : Starting Servlet Engine: Apache Tomcat/8.5.32
2018-08-18 15:39:19.178  INFO 17449 --- [localhost-startStop-1] o.a.c.c.C.[Tomcat].[localhost].[/]       : Initializing Spring embedded WebApplicationContext
2018-08-18 15:39:19.191  INFO 17449 --- [localhost-startStop-1] o.s.web.context.ContextLoader            : Root WebApplicationContext: initialization completed in 813 ms
2018-08-18 15:39:19.230  INFO 17449 --- [localhost-startStop-1] o.s.b.w.servlet.ServletRegistrationBean  : Servlet dispatcherServlet mapped to [/]
2018-08-18 15:39:19.237  INFO 17449 --- [localhost-startStop-1] o.s.b.w.servlet.FilterRegistrationBean   : Mapping filter: 'characterEncodingFilter' to: [/*]
2018-08-18 15:39:19.237  INFO 17449 --- [localhost-startStop-1] o.s.b.w.servlet.FilterRegistrationBean   : Mapping filter: 'hiddenHttpMethodFilter' to: [/*]
2018-08-18 15:39:19.237  INFO 17449 --- [localhost-startStop-1] o.s.b.w.servlet.FilterRegistrationBean   : Mapping filter: 'httpPutFormContentFilter' to: [/*]
2018-08-18 15:39:19.237  INFO 17449 --- [localhost-startStop-1] o.s.b.w.servlet.FilterRegistrationBean   : Mapping filter: 'requestContextFilter' to: [/*]
2018-08-18 15:39:19.297  INFO 17449 --- [restartedMain] org.mongodb.driver.cluster               : Cluster created with settings {hosts=[ds125602.mlab.com:25602], mode=SINGLE, requiredClusterType=UNKNOWN, serverSelectionTimeout='30000 ms', maxWaitQueueSize=500}
2018-08-18 15:39:19.462  INFO 17449 --- [restartedMain] o.s.w.s.handler.SimpleUrlHandlerMapping  : Mapped URL path [/**/favicon.ico] onto handler of type [class org.springframework.web.servlet.resource.ResourceHttpRequestHandler]
2018-08-18 15:39:19.549  INFO 17449 --- [restartedMain] s.w.s.m.m.a.RequestMappingHandlerAdapter : Looking for @ControllerAdvice: org.springframework.boot.web.servlet.context.AnnotationConfigServletWebServerApplicationContext@69cc92e6: startup date [Sat Aug 18 15:39:18 BRT 2018]; root of context hierarchy
2018-08-18 15:39:19.576  INFO 17449 --- [restartedMain] s.w.s.m.m.a.RequestMappingHandlerMapping : Mapped "{[/governadores],methods=[GET]}" onto public java.util.Collection<com.example.politicosgo.entities.Governador> com.example.politicosgo.controllers.GovernadorController.getGovernadores()
2018-08-18 15:39:19.580  INFO 17449 --- [restartedMain] s.w.s.m.m.a.RequestMappingHandlerMapping : Mapped "{[/governadores],methods=[POST]}" onto public org.springframework.http.ResponseEntity<java.lang.String> com.example.politicosgo.controllers.GovernadorController.postGovernador(com.example.politicosgo.entities.Governador)
2018-08-18 15:39:19.584  INFO 17449 --- [restartedMain] s.w.s.m.m.a.RequestMappingHandlerMapping : Mapped "{[/governadores],methods=[PUT]}" onto public org.springframework.http.ResponseEntity<java.lang.String> com.example.politicosgo.controllers.GovernadorController.putGovernador(com.example.politicosgo.entities.Governador)
2018-08-18 15:39:19.591  INFO 17449 --- [restartedMain] s.w.s.m.m.a.RequestMappingHandlerMapping : Mapped "{[/governadores/{cpf}],methods=[DELETE]}" onto public org.springframework.http.ResponseEntity<java.lang.String> com.example.politicosgo.controllers.GovernadorController.deleteGovernadorById(java.lang.Long)
2018-08-18 15:39:19.595  INFO 17449 --- [restartedMain] s.w.s.m.m.a.RequestMappingHandlerMapping : Mapped "{[/obras],methods=[GET]}" onto public java.util.Collection<com.example.politicosgo.entities.Obra> com.example.politicosgo.controllers.ObraController.getObras()
2018-08-18 15:39:19.599  INFO 17449 --- [restartedMain] s.w.s.m.m.a.RequestMappingHandlerMapping : Mapped "{[/obras],methods=[POST]}" onto public org.springframework.http.ResponseEntity<java.lang.String> com.example.politicosgo.controllers.ObraController.postObra(com.example.politicosgo.entities.Obra)
2018-08-18 15:39:19.606  INFO 17449 --- [restartedMain] s.w.s.m.m.a.RequestMappingHandlerMapping : Mapped "{[/obras],methods=[PUT]}" onto public org.springframework.http.ResponseEntity<java.lang.String> com.example.politicosgo.controllers.ObraController.putObra(com.example.politicosgo.entities.Obra)
2018-08-18 15:39:19.611  INFO 17449 --- [restartedMain] s.w.s.m.m.a.RequestMappingHandlerMapping : Mapped "{[/obras/{id}],methods=[DELETE]}" onto public org.springframework.http.ResponseEntity<java.lang.String> com.example.politicosgo.controllers.ObraController.deleteObraById(java.lang.Long)
2018-08-18 15:39:19.623  INFO 17449 --- [restartedMain] s.w.s.m.m.a.RequestMappingHandlerMapping : Mapped "{[/prefeitos],methods=[GET]}" onto public java.util.Collection<com.example.politicosgo.entities.Prefeito> com.example.politicosgo.controllers.PrefeitoController.getPrefeitos()
2018-08-18 15:39:19.627  INFO 17449 --- [restartedMain] s.w.s.m.m.a.RequestMappingHandlerMapping : Mapped "{[/prefeitos],methods=[POST]}" onto public org.springframework.http.ResponseEntity<java.lang.String> com.example.politicosgo.controllers.PrefeitoController.postPrefeito(com.example.politicosgo.entities.Prefeito)
2018-08-18 15:39:19.628  INFO 17449 --- [restartedMain] s.w.s.m.m.a.RequestMappingHandlerMapping : Mapped "{[/prefeitos],methods=[PUT]}" onto public org.springframework.http.ResponseEntity<java.lang.String> com.example.politicosgo.controllers.PrefeitoController.putPrefeito(com.example.politicosgo.entities.Prefeito)
2018-08-18 15:39:19.629  INFO 17449 --- [restartedMain] s.w.s.m.m.a.RequestMappingHandlerMapping : Mapped "{[/prefeitos/{cpf}],methods=[DELETE]}" onto public org.springframework.http.ResponseEntity<java.lang.String> com.example.politicosgo.controllers.PrefeitoController.deletePrefeitoById(java.lang.Long)
2018-08-18 15:39:19.635  INFO 17449 --- [restartedMain] s.w.s.m.m.a.RequestMappingHandlerMapping : Mapped "{[/error],produces=[text/html]}" onto public org.springframework.web.servlet.ModelAndView org.springframework.boot.autoconfigure.web.servlet.error.BasicErrorController.errorHtml(javax.servlet.http.HttpServletRequest,javax.servlet.http.HttpServletResponse)
2018-08-18 15:39:19.636  INFO 17449 --- [restartedMain] s.w.s.m.m.a.RequestMappingHandlerMapping : Mapped "{[/error]}" onto public org.springframework.http.ResponseEntity<java.util.Map<java.lang.String, java.lang.Object>> org.springframework.boot.autoconfigure.web.servlet.error.BasicErrorController.error(javax.servlet.http.HttpServletRequest)
2018-08-18 15:39:19.666  INFO 17449 --- [restartedMain] o.s.w.s.handler.SimpleUrlHandlerMapping  : Mapped URL path [/webjars/**] onto handler of type [class org.springframework.web.servlet.resource.ResourceHttpRequestHandler]
2018-08-18 15:39:19.666  INFO 17449 --- [restartedMain] o.s.w.s.handler.SimpleUrlHandlerMapping  : Mapped URL path [/**] onto handler of type [class org.springframework.web.servlet.resource.ResourceHttpRequestHandler]
2018-08-18 15:39:19.839  INFO 17449 --- [restartedMain] o.s.b.d.a.OptionalLiveReloadServer       : LiveReload server is running on port 35729
2018-08-18 15:39:20.010  INFO 17449 --- [restartedMain] o.s.j.e.a.AnnotationMBeanExporter        : Registering beans for JMX exposure on startup
2018-08-18 15:39:20.165  INFO 17449 --- [restartedMain] o.s.b.w.embedded.tomcat.TomcatWebServer  : Tomcat started on port(s): 8080 (http) with context path ''
2018-08-18 15:39:20.167  INFO 17449 --- [restartedMain] c.e.politicosgo.PoliticosgoApplication   : Started PoliticosgoApplication in 1.912 seconds (JVM running for 275.796)
2018-08-18 15:39:20.170  INFO 17449 --- [restartedMain] .ConditionEvaluationDeltaLoggingListener : Condition evaluation unchanged
2018-08-18 15:39:20.514  INFO 17449 --- [cluster-ClusterId{value='5b7867d726dad044290ff81b', description='null'}-ds125602.mlab.com:25602] org.mongodb.driver.connection            : Opened connection [connectionId{localValue:4, serverValue:7287}] to ds125602.mlab.com:25602
2018-08-18 15:39:20.672  INFO 17449 --- [cluster-ClusterId{value='5b7867d726dad044290ff81b', description='null'}-ds125602.mlab.com:25602] org.mongodb.driver.cluster               : Monitor thread successfully connected to server with description ServerDescription{address=ds125602.mlab.com:25602, type=REPLICA_SET_PRIMARY, state=CONNECTED, ok=true, version=ServerVersion{versionList=[3, 6, 6]}, minWireVersion=0, maxWireVersion=6, maxDocumentSize=16777216, logicalSessionTimeoutMinutes=30, roundTripTimeNanos=157784977, setName='rs-ds125602', canonicalAddress=ds125602-a.mlab.com:25602, hosts=[ds125602-a.mlab.com:25602], passives=[], arbiters=[], primary='ds125602-a.mlab.com:25602', tagSet=TagSet{[]}, electionId=7fffffff0000000000000001, setVersion=1, lastWriteDate=Sat Aug 18 15:39:18 BRT 2018, lastUpdateTimeNanos=8040953440653}
2018-08-18 15:39:39.243  INFO 17449 --- [Thread-16] ConfigServletWebServerApplicationContext : Closing org.springframework.boot.web.servlet.context.AnnotationConfigServletWebServerApplicationContext@69cc92e6: startup date [Sat Aug 18 15:39:18 BRT 2018]; root of context hierarchy
2018-08-18 15:39:39.245  INFO 17449 --- [Thread-16] o.s.j.e.a.AnnotationMBeanExporter        : Unregistering JMX-exposed beans on shutdown
2018-08-18 15:39:39.629  INFO 17449 --- [restartedMain] c.e.politicosgo.PoliticosgoApplication   : Starting PoliticosgoApplication on ragnar with PID 17449 (/home/javanlacerda/Downloads/politicosgodir/politicosgoapi/politicosgo/target/classes started by javanlacerda in /home/javanlacerda/Downloads/politicosgodir/politicosgoapi/politicosgo)
2018-08-18 15:39:39.630  INFO 17449 --- [restartedMain] c.e.politicosgo.PoliticosgoApplication   : No active profile set, falling back to default profiles: default
2018-08-18 15:39:39.633  INFO 17449 --- [restartedMain] ConfigServletWebServerApplicationContext : Refreshing org.springframework.boot.web.servlet.context.AnnotationConfigServletWebServerApplicationContext@4070dc63: startup date [Sat Aug 18 15:39:39 BRT 2018]; root of context hierarchy
2018-08-18 15:39:40.486  INFO 17449 --- [restartedMain] o.s.b.w.embedded.tomcat.TomcatWebServer  : Tomcat initialized with port(s): 8080 (http)
2018-08-18 15:39:40.497  INFO 17449 --- [restartedMain] o.apache.catalina.core.StandardService   : Starting service [Tomcat]
2018-08-18 15:39:40.510  INFO 17449 --- [restartedMain] org.apache.catalina.core.StandardEngine  : Starting Servlet Engine: Apache Tomcat/8.5.32
2018-08-18 15:39:40.555  INFO 17449 --- [localhost-startStop-1] o.a.c.c.C.[Tomcat].[localhost].[/]       : Initializing Spring embedded WebApplicationContext
2018-08-18 15:39:40.568  INFO 17449 --- [localhost-startStop-1] o.s.web.context.ContextLoader            : Root WebApplicationContext: initialization completed in 935 ms
2018-08-18 15:39:40.598  INFO 17449 --- [localhost-startStop-1] o.s.b.w.servlet.ServletRegistrationBean  : Servlet dispatcherServlet mapped to [/]
2018-08-18 15:39:40.599  INFO 17449 --- [localhost-startStop-1] o.s.b.w.servlet.FilterRegistrationBean   : Mapping filter: 'characterEncodingFilter' to: [/*]
2018-08-18 15:39:40.600  INFO 17449 --- [localhost-startStop-1] o.s.b.w.servlet.FilterRegistrationBean   : Mapping filter: 'hiddenHttpMethodFilter' to: [/*]
2018-08-18 15:39:40.601  INFO 17449 --- [localhost-startStop-1] o.s.b.w.servlet.FilterRegistrationBean   : Mapping filter: 'httpPutFormContentFilter' to: [/*]
2018-08-18 15:39:40.602  INFO 17449 --- [localhost-startStop-1] o.s.b.w.servlet.FilterRegistrationBean   : Mapping filter: 'requestContextFilter' to: [/*]
2018-08-18 15:39:40.685  INFO 17449 --- [restartedMain] org.mongodb.driver.cluster               : Cluster created with settings {hosts=[ds125602.mlab.com:25602], mode=SINGLE, requiredClusterType=UNKNOWN, serverSelectionTimeout='30000 ms', maxWaitQueueSize=500}
2018-08-18 15:39:40.989  INFO 17449 --- [restartedMain] o.s.w.s.handler.SimpleUrlHandlerMapping  : Mapped URL path [/**/favicon.ico] onto handler of type [class org.springframework.web.servlet.resource.ResourceHttpRequestHandler]
2018-08-18 15:39:41.113  INFO 17449 --- [restartedMain] s.w.s.m.m.a.RequestMappingHandlerAdapter : Looking for @ControllerAdvice: org.springframework.boot.web.servlet.context.AnnotationConfigServletWebServerApplicationContext@4070dc63: startup date [Sat Aug 18 15:39:39 BRT 2018]; root of context hierarchy
2018-08-18 15:39:41.149  INFO 17449 --- [restartedMain] s.w.s.m.m.a.RequestMappingHandlerMapping : Mapped "{[/governadores],methods=[GET]}" onto public java.util.Collection<com.example.politicosgo.entities.Governador> com.example.politicosgo.controllers.GovernadorController.getGovernadores()
2018-08-18 15:39:41.152  INFO 17449 --- [restartedMain] s.w.s.m.m.a.RequestMappingHandlerMapping : Mapped "{[/governadores],methods=[POST]}" onto public org.springframework.http.ResponseEntity<java.lang.String> com.example.politicosgo.controllers.GovernadorController.postGovernador(com.example.politicosgo.entities.Governador)
2018-08-18 15:39:41.156  INFO 17449 --- [restartedMain] s.w.s.m.m.a.RequestMappingHandlerMapping : Mapped "{[/governadores],methods=[PUT]}" onto public org.springframework.http.ResponseEntity<java.lang.String> com.example.politicosgo.controllers.GovernadorController.putGovernador(com.example.politicosgo.entities.Governador)
2018-08-18 15:39:41.156  INFO 17449 --- [restartedMain] s.w.s.m.m.a.RequestMappingHandlerMapping : Mapped "{[/governadores/{cpf}],methods=[DELETE]}" onto public org.springframework.http.ResponseEntity<java.lang.String> com.example.politicosgo.controllers.GovernadorController.deleteGovernadorById(java.lang.Long)
2018-08-18 15:39:41.158  INFO 17449 --- [restartedMain] s.w.s.m.m.a.RequestMappingHandlerMapping : Mapped "{[/obras],methods=[GET]}" onto public java.util.Collection<com.example.politicosgo.entities.Obra> com.example.politicosgo.controllers.ObraController.getObras()
2018-08-18 15:39:41.160  INFO 17449 --- [restartedMain] s.w.s.m.m.a.RequestMappingHandlerMapping : Mapped "{[/obras],methods=[POST]}" onto public org.springframework.http.ResponseEntity<java.lang.String> com.example.politicosgo.controllers.ObraController.postObra(com.example.politicosgo.entities.Obra)
2018-08-18 15:39:41.161  INFO 17449 --- [restartedMain] s.w.s.m.m.a.RequestMappingHandlerMapping : Mapped "{[/obras],methods=[PUT]}" onto public org.springframework.http.ResponseEntity<java.lang.String> com.example.politicosgo.controllers.ObraController.putObra(com.example.politicosgo.entities.Obra)
2018-08-18 15:39:41.163  INFO 17449 --- [restartedMain] s.w.s.m.m.a.RequestMappingHandlerMapping : Mapped "{[/obras/{id}],methods=[DELETE]}" onto public org.springframework.http.ResponseEntity<java.lang.String> com.example.politicosgo.controllers.ObraController.deleteObraById(java.lang.Long)
2018-08-18 15:39:41.181  INFO 17449 --- [restartedMain] s.w.s.m.m.a.RequestMappingHandlerMapping : Mapped "{[/prefeitos],methods=[GET]}" onto public java.util.Collection<com.example.politicosgo.entities.Prefeito> com.example.politicosgo.controllers.PrefeitoController.getPrefeitos()
2018-08-18 15:39:41.187  INFO 17449 --- [restartedMain] s.w.s.m.m.a.RequestMappingHandlerMapping : Mapped "{[/prefeitos],methods=[POST]}" onto public org.springframework.http.ResponseEntity<java.lang.String> com.example.politicosgo.controllers.PrefeitoController.postPrefeito(com.example.politicosgo.entities.Prefeito)
2018-08-18 15:39:41.188  INFO 17449 --- [restartedMain] s.w.s.m.m.a.RequestMappingHandlerMapping : Mapped "{[/prefeitos],methods=[PUT]}" onto public org.springframework.http.ResponseEntity<java.lang.String> com.example.politicosgo.controllers.PrefeitoController.putPrefeito(com.example.politicosgo.entities.Prefeito)
2018-08-18 15:39:41.188  INFO 17449 --- [restartedMain] s.w.s.m.m.a.RequestMappingHandlerMapping : Mapped "{[/prefeitos/{cpf}],methods=[DELETE]}" onto public org.springframework.http.ResponseEntity<java.lang.String> com.example.politicosgo.controllers.PrefeitoController.deletePrefeitoById(java.lang.Long)
2018-08-18 15:39:41.195  INFO 17449 --- [restartedMain] s.w.s.m.m.a.RequestMappingHandlerMapping : Mapped "{[/error],produces=[text/html]}" onto public org.springframework.web.servlet.ModelAndView org.springframework.boot.autoconfigure.web.servlet.error.BasicErrorController.errorHtml(javax.servlet.http.HttpServletRequest,javax.servlet.http.HttpServletResponse)
2018-08-18 15:39:41.196  INFO 17449 --- [restartedMain] s.w.s.m.m.a.RequestMappingHandlerMapping : Mapped "{[/error]}" onto public org.springframework.http.ResponseEntity<java.util.Map<java.lang.String, java.lang.Object>> org.springframework.boot.autoconfigure.web.servlet.error.BasicErrorController.error(javax.servlet.http.HttpServletRequest)
2018-08-18 15:39:41.227  INFO 17449 --- [restartedMain] o.s.w.s.handler.SimpleUrlHandlerMapping  : Mapped URL path [/webjars/**] onto handler of type [class org.springframework.web.servlet.resource.ResourceHttpRequestHandler]
2018-08-18 15:39:41.231  INFO 17449 --- [restartedMain] o.s.w.s.handler.SimpleUrlHandlerMapping  : Mapped URL path [/**] onto handler of type [class org.springframework.web.servlet.resource.ResourceHttpRequestHandler]
2018-08-18 15:39:41.345  INFO 17449 --- [restartedMain] o.s.b.d.a.OptionalLiveReloadServer       : LiveReload server is running on port 35729
2018-08-18 15:39:41.396  INFO 17449 --- [restartedMain] o.s.j.e.a.AnnotationMBeanExporter        : Registering beans for JMX exposure on startup
2018-08-18 15:39:41.491  INFO 17449 --- [restartedMain] o.s.b.w.embedded.tomcat.TomcatWebServer  : Tomcat started on port(s): 8080 (http) with context path ''
2018-08-18 15:39:41.494  INFO 17449 --- [restartedMain] c.e.politicosgo.PoliticosgoApplication   : Started PoliticosgoApplication in 1.931 seconds (JVM running for 297.124)
2018-08-18 15:39:41.499  INFO 17449 --- [restartedMain] .ConditionEvaluationDeltaLoggingListener : Condition evaluation unchanged
2018-08-18 15:39:42.158  INFO 17449 --- [cluster-ClusterId{value='5b7867ec26dad044290ff81c', description='null'}-ds125602.mlab.com:25602] org.mongodb.driver.connection            : Opened connection [connectionId{localValue:5, serverValue:7289}] to ds125602.mlab.com:25602
2018-08-18 15:39:42.315  INFO 17449 --- [cluster-ClusterId{value='5b7867ec26dad044290ff81c', description='null'}-ds125602.mlab.com:25602] org.mongodb.driver.cluster               : Monitor thread successfully connected to server with description ServerDescription{address=ds125602.mlab.com:25602, type=REPLICA_SET_PRIMARY, state=CONNECTED, ok=true, version=ServerVersion{versionList=[3, 6, 6]}, minWireVersion=0, maxWireVersion=6, maxDocumentSize=16777216, logicalSessionTimeoutMinutes=30, roundTripTimeNanos=156283802, setName='rs-ds125602', canonicalAddress=ds125602-a.mlab.com:25602, hosts=[ds125602-a.mlab.com:25602], passives=[], arbiters=[], primary='ds125602-a.mlab.com:25602', tagSet=TagSet{[]}, electionId=7fffffff0000000000000001, setVersion=1, lastWriteDate=Sat Aug 18 15:39:38 BRT 2018, lastUpdateTimeNanos=8062596106426}
2018-08-18 15:41:11.840  INFO 17449 --- [http-nio-0.0.0.0-8080-exec-2] o.a.c.c.C.[Tomcat].[localhost].[/]       : Initializing Spring FrameworkServlet 'dispatcherServlet'
2018-08-18 15:41:11.840  INFO 17449 --- [http-nio-0.0.0.0-8080-exec-2] o.s.web.servlet.DispatcherServlet        : FrameworkServlet 'dispatcherServlet': initialization started
2018-08-18 15:41:11.845  INFO 17449 --- [http-nio-0.0.0.0-8080-exec-2] o.s.web.servlet.DispatcherServlet        : FrameworkServlet 'dispatcherServlet': initialization completed in 5 ms
2018-08-18 15:41:13.451  INFO 17449 --- [http-nio-0.0.0.0-8080-exec-2] org.mongodb.driver.connection            : Opened connection [connectionId{localValue:6, serverValue:7292}] to ds125602.mlab.com:25602
2018-08-18 15:45:49.374  INFO 17449 --- [Thread-27] ConfigServletWebServerApplicationContext : Closing org.springframework.boot.web.servlet.context.AnnotationConfigServletWebServerApplicationContext@4070dc63: startup date [Sat Aug 18 15:39:39 BRT 2018]; root of context hierarchy
2018-08-18 15:45:49.406  INFO 17449 --- [Thread-27] o.s.j.e.a.AnnotationMBeanExporter        : Unregistering JMX-exposed beans on shutdown
2018-08-18 15:45:49.567  INFO 17449 --- [Thread-27] org.mongodb.driver.connection            : Closed connection [connectionId{localValue:6, serverValue:7292}] to ds125602.mlab.com:25602 because the pool has been closed.
